!SESSION 2010-12-25 14:13:42.400 -----------------------------------------------
eclipse.buildId=unknown
java.version=1.6.0_20
java.vendor=Sun Microsystems Inc.
BootLoader constants: OS=linux, ARCH=x86_64, WS=gtk, NL=de_DE
Framework arguments:  -product net.teufel.e4.geo.ui.product
Command-line arguments:  -product net.teufel.e4.geo.ui.product -data /home/marc/Desktop/e4/4.1m4a/workspace/../runtime-net.teufel.e4.geo.product -dev file:/home/marc/Desktop/e4/4.1m4a/workspace/.metadata/.plugins/org.eclipse.pde.core/net.teufel.e4.geo.product/dev.properties -os linux -ws gtk -arch x86_64 -consoleLog

!ENTRY org.eclipse.equinox.app 0 0 2010-12-25 14:13:43.214
!MESSAGE Product net.teufel.e4.geo.ui.product could not be found.

!ENTRY org.eclipse.osgi 2 0 2010-12-25 14:13:43.248
!MESSAGE One or more bundles are not resolved because the following root constraints are not resolved:
!SUBENTRY 1 org.eclipse.osgi 2 0 2010-12-25 14:13:43.248
!MESSAGE Bundle initial@reference:file:../workspace/net.teufel.e4.geo.core/ was not resolved.
!SUBENTRY 2 net.teufel.e4.geo.core 2 0 2010-12-25 14:13:43.249
!MESSAGE Missing imported package org.springframework.xml.xpath_0.0.0.

!ENTRY org.eclipse.osgi 2 0 2010-12-25 14:13:43.253
!MESSAGE The following is a complete list of bundles which are not resolved, see the prior log entry for the root cause if it exists:
!SUBENTRY 1 org.eclipse.osgi 2 0 2010-12-25 14:13:43.253
!MESSAGE Bundle net.teufel.e4.geo.ui_1.0.0.qualifier [72] was not resolved.
!SUBENTRY 2 net.teufel.e4.geo.ui 2 0 2010-12-25 14:13:43.253
!MESSAGE Missing imported package net.teufel.e4.geo.domain_0.0.0.
!SUBENTRY 2 net.teufel.e4.geo.ui 2 0 2010-12-25 14:13:43.253
!MESSAGE Missing imported package net.teufel.e4.geo.interfaces_0.0.0.
!SUBENTRY 1 org.eclipse.osgi 2 0 2010-12-25 14:13:43.253
!MESSAGE Bundle net.teufel.e4.geo.core_1.0.0.qualifier [73] was not resolved.
!SUBENTRY 2 net.teufel.e4.geo.core 2 0 2010-12-25 14:13:43.253
!MESSAGE Missing imported package org.springframework.xml.xpath_0.0.0.

!ENTRY org.eclipse.osgi 2 0 2010-12-25 14:13:43.268
!MESSAGE One or more bundles are not resolved because the following root constraints are not resolved:
!SUBENTRY 1 org.eclipse.osgi 2 0 2010-12-25 14:13:43.268
!MESSAGE Bundle initial@reference:file:../workspace/net.teufel.e4.geo.core/ was not resolved.
!SUBENTRY 2 net.teufel.e4.geo.core 2 0 2010-12-25 14:13:43.269
!MESSAGE Missing imported package org.springframework.xml.xpath_0.0.0.

!ENTRY org.eclipse.osgi 2 0 2010-12-25 14:13:43.273
!MESSAGE The following is a complete list of bundles which are not resolved, see the prior log entry for the root cause if it exists:
!SUBENTRY 1 org.eclipse.osgi 2 0 2010-12-25 14:13:43.273
!MESSAGE Bundle net.teufel.e4.geo.ui_1.0.0.qualifier [72] was not resolved.
!SUBENTRY 2 net.teufel.e4.geo.ui 2 0 2010-12-25 14:13:43.273
!MESSAGE Missing imported package net.teufel.e4.geo.domain_0.0.0.
!SUBENTRY 2 net.teufel.e4.geo.ui 2 0 2010-12-25 14:13:43.274
!MESSAGE Missing imported package net.teufel.e4.geo.interfaces_0.0.0.
!SUBENTRY 1 org.eclipse.osgi 2 0 2010-12-25 14:13:43.274
!MESSAGE Bundle net.teufel.e4.geo.core_1.0.0.qualifier [73] was not resolved.
!SUBENTRY 2 net.teufel.e4.geo.core 2 0 2010-12-25 14:13:43.274
!MESSAGE Missing imported package org.springframework.xml.xpath_0.0.0.

!ENTRY org.eclipse.osgi 4 0 2010-12-25 14:13:43.274
!MESSAGE Application error
!STACK 1
java.lang.RuntimeException: No application id has been found.
	at org.eclipse.equinox.internal.app.EclipseAppContainer.startDefaultApp(EclipseAppContainer.java:242)
	at org.eclipse.equinox.internal.app.MainApplicationLauncher.run(MainApplicationLauncher.java:29)
	at org.eclipse.core.runtime.internal.adaptor.EclipseAppLauncher.runApplication(EclipseAppLauncher.java:110)
	at org.eclipse.core.runtime.internal.adaptor.EclipseAppLauncher.start(EclipseAppLauncher.java:79)
	at org.eclipse.core.runtime.adaptor.EclipseStarter.run(EclipseStarter.java:369)
	at org.eclipse.core.runtime.adaptor.EclipseStarter.run(EclipseStarter.java:179)
	at sun.reflect.NativeMethodAccessorImpl.invoke0(Native Method)
	at sun.reflect.NativeMethodAccessorImpl.invoke(NativeMethodAccessorImpl.java:57)
	at sun.reflect.DelegatingMethodAccessorImpl.invoke(DelegatingMethodAccessorImpl.java:43)
	at java.lang.reflect.Method.invoke(Method.java:616)
	at org.eclipse.equinox.launcher.Main.invokeFramework(Main.java:622)
	at org.eclipse.equinox.launcher.Main.basicRun(Main.java:577)
	at org.eclipse.equinox.launcher.Main.run(Main.java:1410)
	at org.eclipse.equinox.launcher.Main.main(Main.java:1386)
